[debug] [2025-07-23T03:09:55.141Z] ----------------------------------------------------------------------
[debug] [2025-07-23T03:09:55.144Z] Command:       /opt/homebrew/Cellar/node/24.3.0/bin/node /opt/homebrew/bin/firebase emulators:start --project questionnaire-web-897dc
[debug] [2025-07-23T03:09:55.144Z] CLI Version:   14.11.1
[debug] [2025-07-23T03:09:55.144Z] Platform:      darwin
[debug] [2025-07-23T03:09:55.144Z] Node Version:  v24.3.0
[debug] [2025-07-23T03:09:55.144Z] Time:          Wed Jul 23 2025 11:09:55 GMT+0800 (Singapore Standard Time)
[debug] [2025-07-23T03:09:55.144Z] ----------------------------------------------------------------------
[debug] 
[debug] [2025-07-23T03:09:55.303Z] > command requires scopes: ["email","openid","https://www.googleapis.com/auth/cloudplatformprojects.readonly","https://www.googleapis.com/auth/firebase","https://www.googleapis.com/auth/cloud-platform"]
[debug] [2025-07-23T03:09:55.303Z] > authorizing via signed-in user (validdev.team@gmail.com)
[debug] [2025-07-23T03:09:55.338Z] openjdk version "24.0.1" 2025-04-15

[debug] [2025-07-23T03:09:55.338Z] OpenJDK Runtime Environment Homebrew (build 24.0.1)
OpenJDK 64-Bit Server VM Homebrew (build 24.0.1, mixed mode, sharing)

[debug] [2025-07-23T03:09:55.341Z] Parsed Java major version: 24
[info] i  emulators: Starting emulators: firestore {"metadata":{"emulator":{"name":"hub"},"message":"Starting emulators: firestore"}}
[debug] [2025-07-23T03:09:55.808Z] [logging] Logging Emulator only supports listening on one address (127.0.0.1). Not listening on ::1
[debug] [2025-07-23T03:09:55.808Z] [firestore] Firestore Emulator only supports listening on one address (127.0.0.1). Not listening on ::1
[debug] [2025-07-23T03:09:55.808Z] [firestore.websocket] websocket server for firestore only supports listening on one address (127.0.0.1). Not listening on ::1
[debug] [2025-07-23T03:09:55.808Z] assigned listening specs for emulators {"user":{"hub":[{"address":"127.0.0.1","family":"IPv4","port":4400},{"address":"::1","family":"IPv6","port":4400}],"ui":[{"address":"127.0.0.1","family":"IPv4","port":4000},{"address":"::1","family":"IPv6","port":4000}],"logging":[{"address":"127.0.0.1","family":"IPv4","port":4500}],"firestore":[{"address":"127.0.0.1","family":"IPv4","port":8080}],"firestore.websocket":[{"address":"127.0.0.1","family":"IPv4","port":9150}]},"metadata":{"message":"assigned listening specs for emulators"}}
[debug] [2025-07-23T03:09:55.813Z] [hub] writing locator at /var/folders/b5/gbpv_fls5z99mp0qw0m2bts00000gn/T/hub-questionnaire-web-897dc.json
[debug] [2025-07-23T03:09:55.820Z] Ignoring unsupported arg: auto_download {"metadata":{"emulator":{"name":"firestore"},"message":"Ignoring unsupported arg: auto_download"}}
[debug] [2025-07-23T03:09:55.821Z] Ignoring unsupported arg: single_project_mode_error {"metadata":{"emulator":{"name":"firestore"},"message":"Ignoring unsupported arg: single_project_mode_error"}}
[debug] [2025-07-23T03:09:55.821Z] Starting Firestore Emulator with command {"binary":"java","args":["-Dgoogle.cloud_firestore.debug_log_level=FINE","-Duser.language=en","-jar","/Users/michellechan/.cache/firebase/emulators/cloud-firestore-emulator-v1.19.8.jar","--host","127.0.0.1","--port",8080,"--websocket_port",9150,"--project_id","questionnaire-web-897dc","--rules","/Users/michellechan/Documents/Freelance Projects/questionnaire-web/firestore.rules","--single_project_mode",true],"optionalArgs":["port","webchannel_port","host","rules","websocket_port","functions_emulator","seed_from_export","project_id","single_project_mode"],"joinArgs":false,"shell":false,"port":8080} {"metadata":{"emulator":{"name":"firestore"},"message":"Starting Firestore Emulator with command {\"binary\":\"java\",\"args\":[\"-Dgoogle.cloud_firestore.debug_log_level=FINE\",\"-Duser.language=en\",\"-jar\",\"/Users/michellechan/.cache/firebase/emulators/cloud-firestore-emulator-v1.19.8.jar\",\"--host\",\"127.0.0.1\",\"--port\",8080,\"--websocket_port\",9150,\"--project_id\",\"questionnaire-web-897dc\",\"--rules\",\"/Users/michellechan/Documents/Freelance Projects/questionnaire-web/firestore.rules\",\"--single_project_mode\",true],\"optionalArgs\":[\"port\",\"webchannel_port\",\"host\",\"rules\",\"websocket_port\",\"functions_emulator\",\"seed_from_export\",\"project_id\",\"single_project_mode\"],\"joinArgs\":false,\"shell\":false,\"port\":8080}"}}
[info] i  firestore: Firestore Emulator logging to firestore-debug.log {"metadata":{"emulator":{"name":"firestore"},"message":"Firestore Emulator logging to \u001b[1mfirestore-debug.log\u001b[22m"}}
[debug] [2025-07-23T03:09:56.055Z] WARNING: A terminally deprecated method in sun.misc.Unsafe has been called
WARNING: sun.misc.Unsafe::objectFieldOffset has been called by io.netty.util.internal.PlatformDependent0$4 (file:/Users/michellechan/.cache/firebase/emulators/cloud-firestore-emulator-v1.19.8.jar)
WARNING: Please consider reporting this to the maintainers of class io.netty.util.internal.PlatformDependent0$4
WARNING: sun.misc.Unsafe::objectFieldOffset will be removed in a future release
 {"metadata":{"emulator":{"name":"firestore"},"message":"WARNING: A terminally deprecated method in sun.misc.Unsafe has been called\nWARNING: sun.misc.Unsafe::objectFieldOffset has been called by io.netty.util.internal.PlatformDependent0$4 (file:/Users/michellechan/.cache/firebase/emulators/cloud-firestore-emulator-v1.19.8.jar)\nWARNING: Please consider reporting this to the maintainers of class io.netty.util.internal.PlatformDependent0$4\nWARNING: sun.misc.Unsafe::objectFieldOffset will be removed in a future release\n"}}
[debug] [2025-07-23T03:09:56.533Z] Jul 23, 2025 11:09:56 AM com.google.cloud.datastore.emulator.firestore.websocket.WebSocketServer start
INFO: Started WebSocket server on ws://127.0.0.1:9150
 {"metadata":{"emulator":{"name":"firestore"},"message":"Jul 23, 2025 11:09:56 AM com.google.cloud.datastore.emulator.firestore.websocket.WebSocketServer start\nINFO: Started WebSocket server on ws://127.0.0.1:9150\n"}}
[debug] [2025-07-23T03:09:56.549Z] API endpoint: http:// {"metadata":{"emulator":{"name":"firestore"},"message":"API endpoint: http://"}}
[debug] [2025-07-23T03:09:56.549Z] 127.0.0.1:8080
If you are using a library that supports the FIRESTORE_EMULATOR_HOST environment variable, run:

   export FIRESTORE_EMULATOR_HOST=127.0.0.1:8080

If you are running a Firestore in Datastore Mode project, run:

   export DATASTORE_EMULATOR_HOST=127.0.0.1:8080

Note: Support for Datastore Mode is in preview. If you encounter any bugs please file at https://github.com/firebase/firebase-tools/issues.
Dev App Server is now running.

 {"metadata":{"emulator":{"name":"firestore"},"message":"127.0.0.1:8080\nIf you are using a library that supports the FIRESTORE_EMULATOR_HOST environment variable, run:\n\n   export FIRESTORE_EMULATOR_HOST=127.0.0.1:8080\n\nIf you are running a Firestore in Datastore Mode project, run:\n\n   export DATASTORE_EMULATOR_HOST=127.0.0.1:8080\n\nNote: Support for Datastore Mode is in preview. If you encounter any bugs please file at https://github.com/firebase/firebase-tools/issues.\nDev App Server is now running.\n\n"}}
[info] ✔  firestore: Firestore Emulator UI websocket is running on 9150. {"metadata":{"emulator":{"name":"firestore"},"message":"Firestore Emulator UI websocket is running on 9150."}}
[info] i  ui: downloading ui-v1.15.0.zip... {"metadata":{"emulator":{"name":"ui"},"message":"downloading ui-v1.15.0.zip..."}}
[debug] [2025-07-23T03:09:56.636Z] >>> [apiv2][query] GET https://storage.googleapis.com/firebase-preview-drop/emulator/ui-v1.15.0.zip 
[debug] [2025-07-23T03:09:56.943Z] <<< [apiv2][status] GET https://storage.googleapis.com/firebase-preview-drop/emulator/ui-v1.15.0.zip 200
[debug] [2025-07-23T03:09:56.943Z] <<< [apiv2][body] GET https://storage.googleapis.com/firebase-preview-drop/emulator/ui-v1.15.0.zip [stream]
[debug] [2025-07-23T03:09:58.267Z] Data is 3538469
[debug] [2025-07-23T03:09:58.267Z] [unzip] Entry: client/ (compressed_size=0 bytes, uncompressed_size=0 bytes)
[debug] [2025-07-23T03:09:58.267Z] [unzip] Processing entry: client/
[debug] [2025-07-23T03:09:58.267Z] [unzip] mkdir: /Users/michellechan/.cache/firebase/emulators/ui-v1.15.0/client/
[debug] [2025-07-23T03:09:58.267Z] [unzip] Entry: client/favicon-16x16.png (compressed_size=293 bytes, uncompressed_size=293 bytes)
[debug] [2025-07-23T03:09:58.267Z] [unzip] Processing entry: client/favicon-16x16.png
[debug] [2025-07-23T03:09:58.268Z] [unzip] else mkdir: /Users/michellechan/.cache/firebase/emulators/ui-v1.15.0/client
[debug] [2025-07-23T03:09:58.268Z] [unzip] Writing file: /Users/michellechan/.cache/firebase/emulators/ui-v1.15.0/client/favicon-16x16.png
[debug] [2025-07-23T03:09:58.268Z] [unzip] Entry: client/safari-pinned-tab.svg (compressed_size=1433 bytes, uncompressed_size=2611 bytes)
[debug] [2025-07-23T03:09:58.268Z] [unzip] Processing entry: client/safari-pinned-tab.svg
[debug] [2025-07-23T03:09:58.268Z] [unzip] else mkdir: /Users/michellechan/.cache/firebase/emulators/ui-v1.15.0/client
[debug] [2025-07-23T03:09:58.268Z] [unzip] deflating: /Users/michellechan/.cache/firebase/emulators/ui-v1.15.0/client/safari-pinned-tab.svg
[debug] [2025-07-23T03:09:58.271Z] [unzip] Entry: client/favicon.ico (compressed_size=2933 bytes, uncompressed_size=13294 bytes)
[debug] [2025-07-23T03:09:58.271Z] [unzip] Processing entry: client/favicon.ico
[debug] [2025-07-23T03:09:58.271Z] [unzip] else mkdir: /Users/michellechan/.cache/firebase/emulators/ui-v1.15.0/client
[debug] [2025-07-23T03:09:58.271Z] [unzip] deflating: /Users/michellechan/.cache/firebase/emulators/ui-v1.15.0/client/favicon.ico
[debug] [2025-07-23T03:09:58.272Z] [unzip] Entry: client/index.html (compressed_size=1364 bytes, uncompressed_size=3071 bytes)
[debug] [2025-07-23T03:09:58.272Z] [unzip] Processing entry: client/index.html
[debug] [2025-07-23T03:09:58.272Z] [unzip] else mkdir: /Users/michellechan/.cache/firebase/emulators/ui-v1.15.0/client
[debug] [2025-07-23T03:09:58.272Z] [unzip] deflating: /Users/michellechan/.cache/firebase/emulators/ui-v1.15.0/client/index.html
[debug] [2025-07-23T03:09:58.273Z] [unzip] Entry: client/android-chrome-192x192.png (compressed_size=2684 bytes, uncompressed_size=2684 bytes)
[debug] [2025-07-23T03:09:58.273Z] [unzip] Processing entry: client/android-chrome-192x192.png
[debug] [2025-07-23T03:09:58.273Z] [unzip] else mkdir: /Users/michellechan/.cache/firebase/emulators/ui-v1.15.0/client
[debug] [2025-07-23T03:09:58.273Z] [unzip] Writing file: /Users/michellechan/.cache/firebase/emulators/ui-v1.15.0/client/android-chrome-192x192.png
[debug] [2025-07-23T03:09:58.273Z] [unzip] Entry: client/apple-touch-icon.png (compressed_size=2123 bytes, uncompressed_size=2152 bytes)
[debug] [2025-07-23T03:09:58.273Z] [unzip] Processing entry: client/apple-touch-icon.png
[debug] [2025-07-23T03:09:58.273Z] [unzip] else mkdir: /Users/michellechan/.cache/firebase/emulators/ui-v1.15.0/client
[debug] [2025-07-23T03:09:58.274Z] [unzip] deflating: /Users/michellechan/.cache/firebase/emulators/ui-v1.15.0/client/apple-touch-icon.png
[debug] [2025-07-23T03:09:58.274Z] [unzip] Entry: client/android-chrome-512x512.png (compressed_size=5369 bytes, uncompressed_size=5411 bytes)
[debug] [2025-07-23T03:09:58.274Z] [unzip] Processing entry: client/android-chrome-512x512.png
[debug] [2025-07-23T03:09:58.274Z] [unzip] else mkdir: /Users/michellechan/.cache/firebase/emulators/ui-v1.15.0/client
[debug] [2025-07-23T03:09:58.274Z] [unzip] deflating: /Users/michellechan/.cache/firebase/emulators/ui-v1.15.0/client/android-chrome-512x512.png
[debug] [2025-07-23T03:09:58.276Z] [unzip] Entry: client/manifest.json (compressed_size=245 bytes, uncompressed_size=551 bytes)
[debug] [2025-07-23T03:09:58.276Z] [unzip] Processing entry: client/manifest.json
[debug] [2025-07-23T03:09:58.276Z] [unzip] else mkdir: /Users/michellechan/.cache/firebase/emulators/ui-v1.15.0/client
[debug] [2025-07-23T03:09:58.276Z] [unzip] deflating: /Users/michellechan/.cache/firebase/emulators/ui-v1.15.0/client/manifest.json
[debug] [2025-07-23T03:09:58.276Z] [unzip] Entry: client/robots.txt (compressed_size=26 bytes, uncompressed_size=26 bytes)
[debug] [2025-07-23T03:09:58.276Z] [unzip] Processing entry: client/robots.txt
[debug] [2025-07-23T03:09:58.276Z] [unzip] else mkdir: /Users/michellechan/.cache/firebase/emulators/ui-v1.15.0/client
[debug] [2025-07-23T03:09:58.276Z] [unzip] Writing file: /Users/michellechan/.cache/firebase/emulators/ui-v1.15.0/client/robots.txt
[debug] [2025-07-23T03:09:58.277Z] [unzip] Entry: client/mstile-150x150.png (compressed_size=2034 bytes, uncompressed_size=2034 bytes)
[debug] [2025-07-23T03:09:58.277Z] [unzip] Processing entry: client/mstile-150x150.png
[debug] [2025-07-23T03:09:58.277Z] [unzip] else mkdir: /Users/michellechan/.cache/firebase/emulators/ui-v1.15.0/client
[debug] [2025-07-23T03:09:58.277Z] [unzip] Writing file: /Users/michellechan/.cache/firebase/emulators/ui-v1.15.0/client/mstile-150x150.png
[debug] [2025-07-23T03:09:58.277Z] [unzip] Entry: client/assets/ (compressed_size=0 bytes, uncompressed_size=0 bytes)
[debug] [2025-07-23T03:09:58.277Z] [unzip] Processing entry: client/assets/
[debug] [2025-07-23T03:09:58.277Z] [unzip] mkdir: /Users/michellechan/.cache/firebase/emulators/ui-v1.15.0/client/assets/
[debug] [2025-07-23T03:09:58.277Z] [unzip] Entry: client/assets/index-BX-A56oj.js (compressed_size=582089 bytes, uncompressed_size=2092775 bytes)
[debug] [2025-07-23T03:09:58.277Z] [unzip] Processing entry: client/assets/index-BX-A56oj.js
[debug] [2025-07-23T03:09:58.277Z] [unzip] else mkdir: /Users/michellechan/.cache/firebase/emulators/ui-v1.15.0/client/assets
[debug] [2025-07-23T03:09:58.277Z] [unzip] deflating: /Users/michellechan/.cache/firebase/emulators/ui-v1.15.0/client/assets/index-BX-A56oj.js
[debug] [2025-07-23T03:09:58.284Z] [unzip] Entry: client/assets/index-CjB9C900.css (compressed_size=35979 bytes, uncompressed_size=298654 bytes)
[debug] [2025-07-23T03:09:58.284Z] [unzip] Processing entry: client/assets/index-CjB9C900.css
[debug] [2025-07-23T03:09:58.284Z] [unzip] else mkdir: /Users/michellechan/.cache/firebase/emulators/ui-v1.15.0/client/assets
[debug] [2025-07-23T03:09:58.284Z] [unzip] deflating: /Users/michellechan/.cache/firebase/emulators/ui-v1.15.0/client/assets/index-CjB9C900.css
[debug] [2025-07-23T03:09:58.285Z] [unzip] Entry: client/assets/index-BX-A56oj.js.map (compressed_size=2362482 bytes, uncompressed_size=10036679 bytes)
[debug] [2025-07-23T03:09:58.285Z] [unzip] Processing entry: client/assets/index-BX-A56oj.js.map
[debug] [2025-07-23T03:09:58.285Z] [unzip] else mkdir: /Users/michellechan/.cache/firebase/emulators/ui-v1.15.0/client/assets
[debug] [2025-07-23T03:09:58.285Z] [unzip] deflating: /Users/michellechan/.cache/firebase/emulators/ui-v1.15.0/client/assets/index-BX-A56oj.js.map
[debug] [2025-07-23T03:09:58.312Z] [unzip] Entry: client/assets/extensions/ (compressed_size=0 bytes, uncompressed_size=0 bytes)
[debug] [2025-07-23T03:09:58.312Z] [unzip] Processing entry: client/assets/extensions/
[debug] [2025-07-23T03:09:58.312Z] [unzip] mkdir: /Users/michellechan/.cache/firebase/emulators/ui-v1.15.0/client/assets/extensions/
[debug] [2025-07-23T03:09:58.313Z] [unzip] Entry: client/assets/extensions/default-extension.png (compressed_size=1646 bytes, uncompressed_size=1657 bytes)
[debug] [2025-07-23T03:09:58.313Z] [unzip] Processing entry: client/assets/extensions/default-extension.png
[debug] [2025-07-23T03:09:58.313Z] [unzip] else mkdir: /Users/michellechan/.cache/firebase/emulators/ui-v1.15.0/client/assets/extensions
[debug] [2025-07-23T03:09:58.313Z] [unzip] deflating: /Users/michellechan/.cache/firebase/emulators/ui-v1.15.0/client/assets/extensions/default-extension.png
[debug] [2025-07-23T03:09:58.313Z] [unzip] Entry: client/assets/img/ (compressed_size=0 bytes, uncompressed_size=0 bytes)
[debug] [2025-07-23T03:09:58.313Z] [unzip] Processing entry: client/assets/img/
[debug] [2025-07-23T03:09:58.313Z] [unzip] mkdir: /Users/michellechan/.cache/firebase/emulators/ui-v1.15.0/client/assets/img/
[debug] [2025-07-23T03:09:58.313Z] [unzip] Entry: client/assets/img/database.png (compressed_size=29449 bytes, uncompressed_size=29988 bytes)
[debug] [2025-07-23T03:09:58.314Z] [unzip] Processing entry: client/assets/img/database.png
[debug] [2025-07-23T03:09:58.314Z] [unzip] else mkdir: /Users/michellechan/.cache/firebase/emulators/ui-v1.15.0/client/assets/img
[debug] [2025-07-23T03:09:58.314Z] [unzip] deflating: /Users/michellechan/.cache/firebase/emulators/ui-v1.15.0/client/assets/img/database.png
[debug] [2025-07-23T03:09:58.314Z] [unzip] Entry: client/assets/provider-icons/ (compressed_size=0 bytes, uncompressed_size=0 bytes)
[debug] [2025-07-23T03:09:58.314Z] [unzip] Processing entry: client/assets/provider-icons/
[debug] [2025-07-23T03:09:58.314Z] [unzip] mkdir: /Users/michellechan/.cache/firebase/emulators/ui-v1.15.0/client/assets/provider-icons/
[debug] [2025-07-23T03:09:58.314Z] [unzip] Entry: client/assets/provider-icons/auth_service_saml.svg (compressed_size=575 bytes, uncompressed_size=1226 bytes)
[debug] [2025-07-23T03:09:58.314Z] [unzip] Processing entry: client/assets/provider-icons/auth_service_saml.svg
[debug] [2025-07-23T03:09:58.314Z] [unzip] else mkdir: /Users/michellechan/.cache/firebase/emulators/ui-v1.15.0/client/assets/provider-icons
[debug] [2025-07-23T03:09:58.315Z] [unzip] deflating: /Users/michellechan/.cache/firebase/emulators/ui-v1.15.0/client/assets/provider-icons/auth_service_saml.svg
[debug] [2025-07-23T03:09:58.315Z] [unzip] Entry: client/assets/provider-icons/auth_service_phone.svg (compressed_size=261 bytes, uncompressed_size=414 bytes)
[debug] [2025-07-23T03:09:58.315Z] [unzip] Processing entry: client/assets/provider-icons/auth_service_phone.svg
[debug] [2025-07-23T03:09:58.315Z] [unzip] else mkdir: /Users/michellechan/.cache/firebase/emulators/ui-v1.15.0/client/assets/provider-icons
[debug] [2025-07-23T03:09:58.315Z] [unzip] deflating: /Users/michellechan/.cache/firebase/emulators/ui-v1.15.0/client/assets/provider-icons/auth_service_phone.svg
[debug] [2025-07-23T03:09:58.316Z] [unzip] Entry: client/assets/provider-icons/auth_service_facebook.svg (compressed_size=289 bytes, uncompressed_size=457 bytes)
[debug] [2025-07-23T03:09:58.316Z] [unzip] Processing entry: client/assets/provider-icons/auth_service_facebook.svg
[debug] [2025-07-23T03:09:58.316Z] [unzip] else mkdir: /Users/michellechan/.cache/firebase/emulators/ui-v1.15.0/client/assets/provider-icons
[debug] [2025-07-23T03:09:58.316Z] [unzip] deflating: /Users/michellechan/.cache/firebase/emulators/ui-v1.15.0/client/assets/provider-icons/auth_service_facebook.svg
[debug] [2025-07-23T03:09:58.316Z] [unzip] Entry: client/assets/provider-icons/auth_service_game_center.svg (compressed_size=991 bytes, uncompressed_size=3921 bytes)
[debug] [2025-07-23T03:09:58.316Z] [unzip] Processing entry: client/assets/provider-icons/auth_service_game_center.svg
[debug] [2025-07-23T03:09:58.316Z] [unzip] else mkdir: /Users/michellechan/.cache/firebase/emulators/ui-v1.15.0/client/assets/provider-icons
[debug] [2025-07-23T03:09:58.316Z] [unzip] deflating: /Users/michellechan/.cache/firebase/emulators/ui-v1.15.0/client/assets/provider-icons/auth_service_game_center.svg
[debug] [2025-07-23T03:09:58.317Z] [unzip] Entry: client/assets/provider-icons/auth_service_apple.svg (compressed_size=230 bytes, uncompressed_size=334 bytes)
[debug] [2025-07-23T03:09:58.317Z] [unzip] Processing entry: client/assets/provider-icons/auth_service_apple.svg
[debug] [2025-07-23T03:09:58.317Z] [unzip] else mkdir: /Users/michellechan/.cache/firebase/emulators/ui-v1.15.0/client/assets/provider-icons
[debug] [2025-07-23T03:09:58.317Z] [unzip] deflating: /Users/michellechan/.cache/firebase/emulators/ui-v1.15.0/client/assets/provider-icons/auth_service_apple.svg
[debug] [2025-07-23T03:09:58.317Z] [unzip] Entry: client/assets/provider-icons/auth_service_github.svg (compressed_size=466 bytes, uncompressed_size=838 bytes)
[debug] [2025-07-23T03:09:58.317Z] [unzip] Processing entry: client/assets/provider-icons/auth_service_github.svg
[debug] [2025-07-23T03:09:58.317Z] [unzip] else mkdir: /Users/michellechan/.cache/firebase/emulators/ui-v1.15.0/client/assets/provider-icons
[debug] [2025-07-23T03:09:58.317Z] [unzip] deflating: /Users/michellechan/.cache/firebase/emulators/ui-v1.15.0/client/assets/provider-icons/auth_service_github.svg
[debug] [2025-07-23T03:09:58.318Z] [unzip] Entry: client/assets/provider-icons/auth_service_mslive.svg (compressed_size=203 bytes, uncompressed_size=378 bytes)
[debug] [2025-07-23T03:09:58.318Z] [unzip] Processing entry: client/assets/provider-icons/auth_service_mslive.svg
[debug] [2025-07-23T03:09:58.318Z] [unzip] else mkdir: /Users/michellechan/.cache/firebase/emulators/ui-v1.15.0/client/assets/provider-icons
[debug] [2025-07-23T03:09:58.318Z] [unzip] deflating: /Users/michellechan/.cache/firebase/emulators/ui-v1.15.0/client/assets/provider-icons/auth_service_mslive.svg
[debug] [2025-07-23T03:09:58.318Z] [unzip] Entry: client/assets/provider-icons/auth_service_yahoo.svg (compressed_size=577 bytes, uncompressed_size=1182 bytes)
[debug] [2025-07-23T03:09:58.318Z] [unzip] Processing entry: client/assets/provider-icons/auth_service_yahoo.svg
[debug] [2025-07-23T03:09:58.318Z] [unzip] else mkdir: /Users/michellechan/.cache/firebase/emulators/ui-v1.15.0/client/assets/provider-icons
[debug] [2025-07-23T03:09:58.318Z] [unzip] deflating: /Users/michellechan/.cache/firebase/emulators/ui-v1.15.0/client/assets/provider-icons/auth_service_yahoo.svg
[debug] [2025-07-23T03:09:58.319Z] [unzip] Entry: client/assets/provider-icons/auth_service_twitter.svg (compressed_size=444 bytes, uncompressed_size=751 bytes)
[debug] [2025-07-23T03:09:58.319Z] [unzip] Processing entry: client/assets/provider-icons/auth_service_twitter.svg
[debug] [2025-07-23T03:09:58.319Z] [unzip] else mkdir: /Users/michellechan/.cache/firebase/emulators/ui-v1.15.0/client/assets/provider-icons
[debug] [2025-07-23T03:09:58.319Z] [unzip] deflating: /Users/michellechan/.cache/firebase/emulators/ui-v1.15.0/client/assets/provider-icons/auth_service_twitter.svg
[debug] [2025-07-23T03:09:58.319Z] [unzip] Entry: client/assets/provider-icons/auth_service_play_games.svg (compressed_size=565 bytes, uncompressed_size=1173 bytes)
[debug] [2025-07-23T03:09:58.319Z] [unzip] Processing entry: client/assets/provider-icons/auth_service_play_games.svg
[debug] [2025-07-23T03:09:58.319Z] [unzip] else mkdir: /Users/michellechan/.cache/firebase/emulators/ui-v1.15.0/client/assets/provider-icons
[debug] [2025-07-23T03:09:58.319Z] [unzip] deflating: /Users/michellechan/.cache/firebase/emulators/ui-v1.15.0/client/assets/provider-icons/auth_service_play_games.svg
[debug] [2025-07-23T03:09:58.320Z] [unzip] Entry: client/assets/provider-icons/auth_service_email.svg (compressed_size=228 bytes, uncompressed_size=326 bytes)
[debug] [2025-07-23T03:09:58.320Z] [unzip] Processing entry: client/assets/provider-icons/auth_service_email.svg
[debug] [2025-07-23T03:09:58.320Z] [unzip] else mkdir: /Users/michellechan/.cache/firebase/emulators/ui-v1.15.0/client/assets/provider-icons
[debug] [2025-07-23T03:09:58.320Z] [unzip] deflating: /Users/michellechan/.cache/firebase/emulators/ui-v1.15.0/client/assets/provider-icons/auth_service_email.svg
[debug] [2025-07-23T03:09:58.320Z] [unzip] Entry: client/assets/provider-icons/auth_service_google.svg (compressed_size=409 bytes, uncompressed_size=720 bytes)
[debug] [2025-07-23T03:09:58.320Z] [unzip] Processing entry: client/assets/provider-icons/auth_service_google.svg
[debug] [2025-07-23T03:09:58.320Z] [unzip] else mkdir: /Users/michellechan/.cache/firebase/emulators/ui-v1.15.0/client/assets/provider-icons
[debug] [2025-07-23T03:09:58.320Z] [unzip] deflating: /Users/michellechan/.cache/firebase/emulators/ui-v1.15.0/client/assets/provider-icons/auth_service_google.svg
[debug] [2025-07-23T03:09:58.320Z] [unzip] Entry: client/assets/provider-icons/auth_service_oidc.svg (compressed_size=414 bytes, uncompressed_size=858 bytes)
[debug] [2025-07-23T03:09:58.320Z] [unzip] Processing entry: client/assets/provider-icons/auth_service_oidc.svg
[debug] [2025-07-23T03:09:58.320Z] [unzip] else mkdir: /Users/michellechan/.cache/firebase/emulators/ui-v1.15.0/client/assets/provider-icons
[debug] [2025-07-23T03:09:58.321Z] [unzip] deflating: /Users/michellechan/.cache/firebase/emulators/ui-v1.15.0/client/assets/provider-icons/auth_service_oidc.svg
[debug] [2025-07-23T03:09:58.321Z] [unzip] Entry: client/browserconfig.xml (compressed_size=491 bytes, uncompressed_size=822 bytes)
[debug] [2025-07-23T03:09:58.321Z] [unzip] Processing entry: client/browserconfig.xml
[debug] [2025-07-23T03:09:58.321Z] [unzip] else mkdir: /Users/michellechan/.cache/firebase/emulators/ui-v1.15.0/client
[debug] [2025-07-23T03:09:58.321Z] [unzip] deflating: /Users/michellechan/.cache/firebase/emulators/ui-v1.15.0/client/browserconfig.xml
[debug] [2025-07-23T03:09:58.321Z] [unzip] Entry: client/favicon-32x32.png (compressed_size=475 bytes, uncompressed_size=475 bytes)
[debug] [2025-07-23T03:09:58.321Z] [unzip] Processing entry: client/favicon-32x32.png
[debug] [2025-07-23T03:09:58.321Z] [unzip] else mkdir: /Users/michellechan/.cache/firebase/emulators/ui-v1.15.0/client
[debug] [2025-07-23T03:09:58.321Z] [unzip] Writing file: /Users/michellechan/.cache/firebase/emulators/ui-v1.15.0/client/favicon-32x32.png
[debug] [2025-07-23T03:09:58.321Z] [unzip] Entry: server/ (compressed_size=0 bytes, uncompressed_size=0 bytes)
[debug] [2025-07-23T03:09:58.321Z] [unzip] Processing entry: server/
[debug] [2025-07-23T03:09:58.321Z] [unzip] mkdir: /Users/michellechan/.cache/firebase/emulators/ui-v1.15.0/server/
[debug] [2025-07-23T03:09:58.322Z] [unzip] Entry: server/server.mjs.map (compressed_size=217845 bytes, uncompressed_size=944978 bytes)
[debug] [2025-07-23T03:09:58.322Z] [unzip] Processing entry: server/server.mjs.map
[debug] [2025-07-23T03:09:58.322Z] [unzip] else mkdir: /Users/michellechan/.cache/firebase/emulators/ui-v1.15.0/server
[debug] [2025-07-23T03:09:58.322Z] [unzip] deflating: /Users/michellechan/.cache/firebase/emulators/ui-v1.15.0/server/server.mjs.map
[debug] [2025-07-23T03:09:58.325Z] [unzip] Entry: server/server.mjs (compressed_size=276407 bytes, uncompressed_size=933701 bytes)
[debug] [2025-07-23T03:09:58.325Z] [unzip] Processing entry: server/server.mjs
[debug] [2025-07-23T03:09:58.325Z] [unzip] else mkdir: /Users/michellechan/.cache/firebase/emulators/ui-v1.15.0/server
[debug] [2025-07-23T03:09:58.325Z] [unzip] deflating: /Users/michellechan/.cache/firebase/emulators/ui-v1.15.0/server/server.mjs
[debug] [2025-07-23T03:09:58.332Z] Could not find VSCode notification endpoint: FetchError: request to http://localhost:40001/vscode/notify failed, reason: . If you are not running the Firebase Data Connect VSCode extension, this is expected and not an issue.
[info] 
┌─────────────────────────────────────────────────────────────┐
│ ✔  All emulators ready! It is now safe to connect your app. │
│ i  View Emulator UI at http://127.0.0.1:4000/               │
└─────────────────────────────────────────────────────────────┘

┌───────────┬────────────────┬─────────────────────────────────┐
│ Emulator  │ Host:Port      │ View in Emulator UI             │
├───────────┼────────────────┼─────────────────────────────────┤
│ Firestore │ 127.0.0.1:8080 │ http://127.0.0.1:4000/firestore │
└───────────┴────────────────┴─────────────────────────────────┘
  Emulator Hub host: 127.0.0.1 port: 4400
  Other reserved ports: 4500, 9150

Issues? Report them at https://github.com/firebase/firebase-tools/issues and attach the *-debug.log files.
 
[debug] [2025-07-23T03:10:02.789Z] Jul 23, 2025 11:10:02 AM io.gapi.emulators.netty.HttpVersionRoutingHandler channelRead
INFO: Detected HTTP/2 connection.
 {"metadata":{"emulator":{"name":"firestore"},"message":"Jul 23, 2025 11:10:02 AM io.gapi.emulators.netty.HttpVersionRoutingHandler channelRead\nINFO: Detected HTTP/2 connection.\n"}}
[debug] [2025-07-23T03:10:03.471Z] Jul 23, 2025 11:10:03 AM com.google.cloud.datastore.emulator.firestore.websocket.WebSocketChannelHandler initChannel
INFO: Connected to new websocket client
 {"metadata":{"emulator":{"name":"firestore"},"message":"Jul 23, 2025 11:10:03 AM com.google.cloud.datastore.emulator.firestore.websocket.WebSocketChannelHandler initChannel\nINFO: Connected to new websocket client\n"}}
[debug] [2025-07-23T03:10:11.473Z] Jul 23, 2025 11:10:11 AM io.gapi.emulators.netty.HttpVersionRoutingHandler channelRead
INFO: Detected non-HTTP/2 connection.
 {"metadata":{"emulator":{"name":"firestore"},"message":"Jul 23, 2025 11:10:11 AM io.gapi.emulators.netty.HttpVersionRoutingHandler channelRead\nINFO: Detected non-HTTP/2 connection.\n"}}
[debug] [2025-07-23T03:10:11.525Z] Jul 23, 2025 11:10:11 AM io.gapi.emulators.netty.HttpVersionRoutingHandler channelRead
INFO: Detected HTTP/2 connection.
 {"metadata":{"emulator":{"name":"firestore"},"message":"Jul 23, 2025 11:10:11 AM io.gapi.emulators.netty.HttpVersionRoutingHandler channelRead\nINFO: Detected HTTP/2 connection.\n"}}
[debug] [2025-07-23T03:10:16.208Z] Jul 23, 2025 11:10:16 AM io.gapi.emulators.netty.HttpVersionRoutingHandler channelRead
INFO: Detected non-HTTP/2 connection.
 {"metadata":{"emulator":{"name":"firestore"},"message":"Jul 23, 2025 11:10:16 AM io.gapi.emulators.netty.HttpVersionRoutingHandler channelRead\nINFO: Detected non-HTTP/2 connection.\n"}}
[debug] [2025-07-23T03:10:16.488Z] Jul 23, 2025 11:10:16 AM io.gapi.emulators.netty.HttpVersionRoutingHandler channelRead
INFO: Detected non-HTTP/2 connection.
 {"metadata":{"emulator":{"name":"firestore"},"message":"Jul 23, 2025 11:10:16 AM io.gapi.emulators.netty.HttpVersionRoutingHandler channelRead\nINFO: Detected non-HTTP/2 connection.\n"}}
[debug] [2025-07-23T03:10:17.980Z] Jul 23, 2025 11:10:17 AM io.gapi.emulators.netty.HttpVersionRoutingHandler channelRead
INFO: Detected non-HTTP/2 connection.
 {"metadata":{"emulator":{"name":"firestore"},"message":"Jul 23, 2025 11:10:17 AM io.gapi.emulators.netty.HttpVersionRoutingHandler channelRead\nINFO: Detected non-HTTP/2 connection.\n"}}
[debug] [2025-07-23T03:10:18.003Z] Jul 23, 2025 11:10:18 AM io.gapi.emulators.netty.HttpVersionRoutingHandler channelRead
INFO: Detected non-HTTP/2 connection.
 {"metadata":{"emulator":{"name":"firestore"},"message":"Jul 23, 2025 11:10:18 AM io.gapi.emulators.netty.HttpVersionRoutingHandler channelRead\nINFO: Detected non-HTTP/2 connection.\n"}}
[debug] [2025-07-23T03:10:18.011Z] Jul 23, 2025 11:10:18 AM io.gapi.emulators.netty.HttpVersionRoutingHandler channelRead
INFO: Detected non-HTTP/2 connection.
 {"metadata":{"emulator":{"name":"firestore"},"message":"Jul 23, 2025 11:10:18 AM io.gapi.emulators.netty.HttpVersionRoutingHandler channelRead\nINFO: Detected non-HTTP/2 connection.\n"}}
[debug] [2025-07-23T03:10:18.014Z] Jul 23, 2025 11:10:18 AM io.gapi.emulators.netty.HttpVersionRoutingHandler channelRead
INFO: Detected non-HTTP/2 connection.
 {"metadata":{"emulator":{"name":"firestore"},"message":"Jul 23, 2025 11:10:18 AM io.gapi.emulators.netty.HttpVersionRoutingHandler channelRead\nINFO: Detected non-HTTP/2 connection.\n"}}
[debug] [2025-07-23T03:10:18.021Z] Jul 23, 2025 11:10:18 AM io.gapi.emulators.netty.HttpVersionRoutingHandler channelRead
INFO: Detected non-HTTP/2 connection.
 {"metadata":{"emulator":{"name":"firestore"},"message":"Jul 23, 2025 11:10:18 AM io.gapi.emulators.netty.HttpVersionRoutingHandler channelRead\nINFO: Detected non-HTTP/2 connection.\n"}}
[debug] [2025-07-23T03:10:18.031Z] Jul 23, 2025 11:10:18 AM io.gapi.emulators.netty.HttpVersionRoutingHandler channelRead
INFO: Detected non-HTTP/2 connection.
 {"metadata":{"emulator":{"name":"firestore"},"message":"Jul 23, 2025 11:10:18 AM io.gapi.emulators.netty.HttpVersionRoutingHandler channelRead\nINFO: Detected non-HTTP/2 connection.\n"}}
[debug] [2025-07-23T03:10:18.040Z] Jul 23, 2025 11:10:18 AM io.gapi.emulators.netty.HttpVersionRoutingHandler channelRead
INFO: Detected non-HTTP/2 connection.
 {"metadata":{"emulator":{"name":"firestore"},"message":"Jul 23, 2025 11:10:18 AM io.gapi.emulators.netty.HttpVersionRoutingHandler channelRead\nINFO: Detected non-HTTP/2 connection.\n"}}
[debug] [2025-07-23T03:10:18.119Z] Jul 23, 2025 11:10:18 AM io.gapi.emulators.netty.HttpVersionRoutingHandler channelRead
INFO: Detected non-HTTP/2 connection.
 {"metadata":{"emulator":{"name":"firestore"},"message":"Jul 23, 2025 11:10:18 AM io.gapi.emulators.netty.HttpVersionRoutingHandler channelRead\nINFO: Detected non-HTTP/2 connection.\n"}}
[debug] [2025-07-23T03:10:18.143Z] Jul 23, 2025 11:10:18 AM io.gapi.emulators.netty.HttpVersionRoutingHandler channelRead
INFO: Detected non-HTTP/2 connection.
 {"metadata":{"emulator":{"name":"firestore"},"message":"Jul 23, 2025 11:10:18 AM io.gapi.emulators.netty.HttpVersionRoutingHandler channelRead\nINFO: Detected non-HTTP/2 connection.\n"}}
[debug] [2025-07-23T03:10:18.159Z] Jul 23, 2025 11:10:18 AM io.gapi.emulators.netty.HttpVersionRoutingHandler channelRead
INFO: Detected non-HTTP/2 connection.
 {"metadata":{"emulator":{"name":"firestore"},"message":"Jul 23, 2025 11:10:18 AM io.gapi.emulators.netty.HttpVersionRoutingHandler channelRead\nINFO: Detected non-HTTP/2 connection.\n"}}
[debug] [2025-07-23T03:10:20.072Z] Jul 23, 2025 11:10:20 AM io.gapi.emulators.netty.HttpVersionRoutingHandler channelRead
INFO: Detected non-HTTP/2 connection.
 {"metadata":{"emulator":{"name":"firestore"},"message":"Jul 23, 2025 11:10:20 AM io.gapi.emulators.netty.HttpVersionRoutingHandler channelRead\nINFO: Detected non-HTTP/2 connection.\n"}}
[debug] [2025-07-23T03:10:20.093Z] Jul 23, 2025 11:10:20 AM io.gapi.emulators.netty.HttpVersionRoutingHandler channelRead
INFO: Detected non-HTTP/2 connection.
 {"metadata":{"emulator":{"name":"firestore"},"message":"Jul 23, 2025 11:10:20 AM io.gapi.emulators.netty.HttpVersionRoutingHandler channelRead\nINFO: Detected non-HTTP/2 connection.\n"}}
[debug] [2025-07-23T03:10:20.101Z] Jul 23, 2025 11:10:20 AM io.gapi.emulators.netty.HttpVersionRoutingHandler channelRead
INFO: Detected non-HTTP/2 connection.
 {"metadata":{"emulator":{"name":"firestore"},"message":"Jul 23, 2025 11:10:20 AM io.gapi.emulators.netty.HttpVersionRoutingHandler channelRead\nINFO: Detected non-HTTP/2 connection.\n"}}
[debug] [2025-07-23T03:10:20.106Z] Jul 23, 2025 11:10:20 AM io.gapi.emulators.netty.HttpVersionRoutingHandler channelRead
INFO: Detected non-HTTP/2 connection.
 {"metadata":{"emulator":{"name":"firestore"},"message":"Jul 23, 2025 11:10:20 AM io.gapi.emulators.netty.HttpVersionRoutingHandler channelRead\nINFO: Detected non-HTTP/2 connection.\n"}}
[debug] [2025-07-23T03:10:21.320Z] Jul 23, 2025 11:10:21 AM io.gapi.emulators.netty.HttpVersionRoutingHandler channelRead
INFO: Detected non-HTTP/2 connection.
 {"metadata":{"emulator":{"name":"firestore"},"message":"Jul 23, 2025 11:10:21 AM io.gapi.emulators.netty.HttpVersionRoutingHandler channelRead\nINFO: Detected non-HTTP/2 connection.\n"}}
[debug] [2025-07-23T03:10:21.333Z] Jul 23, 2025 11:10:21 AM io.gapi.emulators.netty.HttpVersionRoutingHandler channelRead
INFO: Detected non-HTTP/2 connection.
 {"metadata":{"emulator":{"name":"firestore"},"message":"Jul 23, 2025 11:10:21 AM io.gapi.emulators.netty.HttpVersionRoutingHandler channelRead\nINFO: Detected non-HTTP/2 connection.\n"}}
[debug] [2025-07-23T03:10:24.156Z] Jul 23, 2025 11:10:24 AM io.gapi.emulators.netty.HttpVersionRoutingHandler channelRead
INFO: Detected HTTP/2 connection.
 {"metadata":{"emulator":{"name":"firestore"},"message":"Jul 23, 2025 11:10:24 AM io.gapi.emulators.netty.HttpVersionRoutingHandler channelRead\nINFO: Detected HTTP/2 connection.\n"}}
[debug] [2025-07-23T03:10:26.664Z] Jul 23, 2025 11:10:26 AM io.gapi.emulators.netty.HttpVersionRoutingHandler channelRead
INFO: Detected non-HTTP/2 connection.
 {"metadata":{"emulator":{"name":"firestore"},"message":"Jul 23, 2025 11:10:26 AM io.gapi.emulators.netty.HttpVersionRoutingHandler channelRead\nINFO: Detected non-HTTP/2 connection.\n"}}
[debug] [2025-07-23T03:10:26.677Z] Jul 23, 2025 11:10:26 AM io.gapi.emulators.netty.HttpVersionRoutingHandler channelRead
INFO: Detected non-HTTP/2 connection.
 {"metadata":{"emulator":{"name":"firestore"},"message":"Jul 23, 2025 11:10:26 AM io.gapi.emulators.netty.HttpVersionRoutingHandler channelRead\nINFO: Detected non-HTTP/2 connection.\n"}}
[debug] [2025-07-23T03:10:47.241Z] Jul 23, 2025 11:10:47 AM io.gapi.emulators.netty.HttpVersionRoutingHandler channelRead
INFO: Detected non-HTTP/2 connection.
 {"metadata":{"emulator":{"name":"firestore"},"message":"Jul 23, 2025 11:10:47 AM io.gapi.emulators.netty.HttpVersionRoutingHandler channelRead\nINFO: Detected non-HTTP/2 connection.\n"}}
[debug] [2025-07-23T03:10:47.257Z] Jul 23, 2025 11:10:47 AM io.gapi.emulators.netty.HttpVersionRoutingHandler channelRead
INFO: Detected non-HTTP/2 connection.
 {"metadata":{"emulator":{"name":"firestore"},"message":"Jul 23, 2025 11:10:47 AM io.gapi.emulators.netty.HttpVersionRoutingHandler channelRead\nINFO: Detected non-HTTP/2 connection.\n"}}
[debug] [2025-07-23T03:10:47.264Z] Jul 23, 2025 11:10:47 AM io.gapi.emulators.netty.HttpVersionRoutingHandler channelRead
INFO: Detected non-HTTP/2 connection.
 {"metadata":{"emulator":{"name":"firestore"},"message":"Jul 23, 2025 11:10:47 AM io.gapi.emulators.netty.HttpVersionRoutingHandler channelRead\nINFO: Detected non-HTTP/2 connection.\n"}}
[debug] [2025-07-23T03:10:47.268Z] Jul 23, 2025 11:10:47 AM io.gapi.emulators.netty.HttpVersionRoutingHandler channelRead
INFO: Detected non-HTTP/2 connection.
 {"metadata":{"emulator":{"name":"firestore"},"message":"Jul 23, 2025 11:10:47 AM io.gapi.emulators.netty.HttpVersionRoutingHandler channelRead\nINFO: Detected non-HTTP/2 connection.\n"}}
[debug] [2025-07-23T03:11:04.401Z] Jul 23, 2025 11:11:04 AM io.gapi.emulators.netty.HttpVersionRoutingHandler channelRead
INFO: Detected non-HTTP/2 connection.
 {"metadata":{"emulator":{"name":"firestore"},"message":"Jul 23, 2025 11:11:04 AM io.gapi.emulators.netty.HttpVersionRoutingHandler channelRead\nINFO: Detected non-HTTP/2 connection.\n"}}
[debug] [2025-07-23T03:11:04.418Z] Jul 23, 2025 11:11:04 AM io.gapi.emulators.netty.HttpVersionRoutingHandler channelRead
INFO: Detected non-HTTP/2 connection.
 {"metadata":{"emulator":{"name":"firestore"},"message":"Jul 23, 2025 11:11:04 AM io.gapi.emulators.netty.HttpVersionRoutingHandler channelRead\nINFO: Detected non-HTTP/2 connection.\n"}}
[debug] [2025-07-23T03:11:04.424Z] Jul 23, 2025 11:11:04 AM io.gapi.emulators.netty.HttpVersionRoutingHandler channelRead
INFO: Detected non-HTTP/2 connection.
 {"metadata":{"emulator":{"name":"firestore"},"message":"Jul 23, 2025 11:11:04 AM io.gapi.emulators.netty.HttpVersionRoutingHandler channelRead\nINFO: Detected non-HTTP/2 connection.\n"}}
[debug] [2025-07-23T03:11:04.430Z] Jul 23, 2025 11:11:04 AM io.gapi.emulators.netty.HttpVersionRoutingHandler channelRead
INFO: Detected non-HTTP/2 connection.
 {"metadata":{"emulator":{"name":"firestore"},"message":"Jul 23, 2025 11:11:04 AM io.gapi.emulators.netty.HttpVersionRoutingHandler channelRead\nINFO: Detected non-HTTP/2 connection.\n"}}
[debug] [2025-07-23T03:11:11.134Z] Jul 23, 2025 11:11:11 AM io.gapi.emulators.netty.HttpVersionRoutingHandler channelRead
INFO: Detected non-HTTP/2 connection.
 {"metadata":{"emulator":{"name":"firestore"},"message":"Jul 23, 2025 11:11:11 AM io.gapi.emulators.netty.HttpVersionRoutingHandler channelRead\nINFO: Detected non-HTTP/2 connection.\n"}}
[debug] [2025-07-23T03:11:11.144Z] Jul 23, 2025 11:11:11 AM io.gapi.emulators.netty.HttpVersionRoutingHandler channelRead
INFO: Detected non-HTTP/2 connection.
 {"metadata":{"emulator":{"name":"firestore"},"message":"Jul 23, 2025 11:11:11 AM io.gapi.emulators.netty.HttpVersionRoutingHandler channelRead\nINFO: Detected non-HTTP/2 connection.\n"}}
[debug] [2025-07-23T03:11:11.154Z] Jul 23, 2025 11:11:11 AM io.gapi.emulators.netty.HttpVersionRoutingHandler channelRead
INFO: Detected non-HTTP/2 connection.
 {"metadata":{"emulator":{"name":"firestore"},"message":"Jul 23, 2025 11:11:11 AM io.gapi.emulators.netty.HttpVersionRoutingHandler channelRead\nINFO: Detected non-HTTP/2 connection.\n"}}
[debug] [2025-07-23T03:11:11.184Z] Jul 23, 2025 11:11:11 AM io.gapi.emulators.netty.HttpVersionRoutingHandler channelRead
INFO: Detected non-HTTP/2 connection.
 {"metadata":{"emulator":{"name":"firestore"},"message":"Jul 23, 2025 11:11:11 AM io.gapi.emulators.netty.HttpVersionRoutingHandler channelRead\nINFO: Detected non-HTTP/2 connection.\n"}}
[debug] [2025-07-23T03:11:11.195Z] Jul 23, 2025 11:11:11 AM io.gapi.emulators.netty.HttpVersionRoutingHandler channelRead
INFO: Detected non-HTTP/2 connection.
 {"metadata":{"emulator":{"name":"firestore"},"message":"Jul 23, 2025 11:11:11 AM io.gapi.emulators.netty.HttpVersionRoutingHandler channelRead\nINFO: Detected non-HTTP/2 connection.\n"}}
[debug] [2025-07-23T03:11:11.203Z] Jul 23, 2025 11:11:11 AM io.gapi.emulators.netty.HttpVersionRoutingHandler channelRead
INFO: Detected non-HTTP/2 connection.
 {"metadata":{"emulator":{"name":"firestore"},"message":"Jul 23, 2025 11:11:11 AM io.gapi.emulators.netty.HttpVersionRoutingHandler channelRead\nINFO: Detected non-HTTP/2 connection.\n"}}
[debug] [2025-07-23T03:11:16.380Z] Jul 23, 2025 11:11:16 AM io.gapi.emulators.netty.HttpVersionRoutingHandler channelRead
INFO: Detected non-HTTP/2 connection.
 {"metadata":{"emulator":{"name":"firestore"},"message":"Jul 23, 2025 11:11:16 AM io.gapi.emulators.netty.HttpVersionRoutingHandler channelRead\nINFO: Detected non-HTTP/2 connection.\n"}}
[debug] [2025-07-23T03:11:16.409Z] Jul 23, 2025 11:11:16 AM io.gapi.emulators.netty.HttpVersionRoutingHandler channelRead
INFO: Detected non-HTTP/2 connection.
 {"metadata":{"emulator":{"name":"firestore"},"message":"Jul 23, 2025 11:11:16 AM io.gapi.emulators.netty.HttpVersionRoutingHandler channelRead\nINFO: Detected non-HTTP/2 connection.\n"}}
[debug] [2025-07-23T03:11:16.417Z] Jul 23, 2025 11:11:16 AM io.gapi.emulators.netty.HttpVersionRoutingHandler channelRead
INFO: Detected non-HTTP/2 connection.
 {"metadata":{"emulator":{"name":"firestore"},"message":"Jul 23, 2025 11:11:16 AM io.gapi.emulators.netty.HttpVersionRoutingHandler channelRead\nINFO: Detected non-HTTP/2 connection.\n"}}
[debug] [2025-07-23T03:11:16.424Z] Jul 23, 2025 11:11:16 AM io.gapi.emulators.netty.HttpVersionRoutingHandler channelRead
INFO: Detected non-HTTP/2 connection.
 {"metadata":{"emulator":{"name":"firestore"},"message":"Jul 23, 2025 11:11:16 AM io.gapi.emulators.netty.HttpVersionRoutingHandler channelRead\nINFO: Detected non-HTTP/2 connection.\n"}}
[debug] [2025-07-23T03:11:17.416Z] Jul 23, 2025 11:11:17 AM io.gapi.emulators.netty.HttpVersionRoutingHandler channelRead
INFO: Detected non-HTTP/2 connection.
 {"metadata":{"emulator":{"name":"firestore"},"message":"Jul 23, 2025 11:11:17 AM io.gapi.emulators.netty.HttpVersionRoutingHandler channelRead\nINFO: Detected non-HTTP/2 connection.\n"}}
[debug] [2025-07-23T03:11:17.431Z] Jul 23, 2025 11:11:17 AM io.gapi.emulators.netty.HttpVersionRoutingHandler channelRead
INFO: Detected non-HTTP/2 connection.
 {"metadata":{"emulator":{"name":"firestore"},"message":"Jul 23, 2025 11:11:17 AM io.gapi.emulators.netty.HttpVersionRoutingHandler channelRead\nINFO: Detected non-HTTP/2 connection.\n"}}
[debug] [2025-07-23T03:11:17.436Z] Jul 23, 2025 11:11:17 AM io.gapi.emulators.netty.HttpVersionRoutingHandler channelRead
INFO: Detected non-HTTP/2 connection.
 {"metadata":{"emulator":{"name":"firestore"},"message":"Jul 23, 2025 11:11:17 AM io.gapi.emulators.netty.HttpVersionRoutingHandler channelRead\nINFO: Detected non-HTTP/2 connection.\n"}}
[debug] [2025-07-23T03:11:17.441Z] Jul 23, 2025 11:11:17 AM io.gapi.emulators.netty.HttpVersionRoutingHandler channelRead
INFO: Detected non-HTTP/2 connection.
 {"metadata":{"emulator":{"name":"firestore"},"message":"Jul 23, 2025 11:11:17 AM io.gapi.emulators.netty.HttpVersionRoutingHandler channelRead\nINFO: Detected non-HTTP/2 connection.\n"}}
[debug] [2025-07-23T03:11:19.824Z] Jul 23, 2025 11:11:19 AM io.gapi.emulators.netty.HttpVersionRoutingHandler channelRead
INFO: Detected non-HTTP/2 connection.
 {"metadata":{"emulator":{"name":"firestore"},"message":"Jul 23, 2025 11:11:19 AM io.gapi.emulators.netty.HttpVersionRoutingHandler channelRead\nINFO: Detected non-HTTP/2 connection.\n"}}
[debug] [2025-07-23T03:11:19.833Z] Jul 23, 2025 11:11:19 AM io.gapi.emulators.netty.HttpVersionRoutingHandler channelRead
INFO: Detected non-HTTP/2 connection.
 {"metadata":{"emulator":{"name":"firestore"},"message":"Jul 23, 2025 11:11:19 AM io.gapi.emulators.netty.HttpVersionRoutingHandler channelRead\nINFO: Detected non-HTTP/2 connection.\n"}}
[debug] [2025-07-23T03:11:19.879Z] Jul 23, 2025 11:11:19 AM io.gapi.emulators.netty.HttpVersionRoutingHandler channelRead
INFO: Detected non-HTTP/2 connection.
 {"metadata":{"emulator":{"name":"firestore"},"message":"Jul 23, 2025 11:11:19 AM io.gapi.emulators.netty.HttpVersionRoutingHandler channelRead\nINFO: Detected non-HTTP/2 connection.\n"}}
[debug] [2025-07-23T03:11:27.104Z] Jul 23, 2025 11:11:27 AM io.gapi.emulators.netty.HttpVersionRoutingHandler channelRead
INFO: Detected non-HTTP/2 connection.
 {"metadata":{"emulator":{"name":"firestore"},"message":"Jul 23, 2025 11:11:27 AM io.gapi.emulators.netty.HttpVersionRoutingHandler channelRead\nINFO: Detected non-HTTP/2 connection.\n"}}
[debug] [2025-07-23T03:11:27.143Z] Jul 23, 2025 11:11:27 AM io.gapi.emulators.netty.HttpVersionRoutingHandler channelRead
INFO: Detected non-HTTP/2 connection.
 {"metadata":{"emulator":{"name":"firestore"},"message":"Jul 23, 2025 11:11:27 AM io.gapi.emulators.netty.HttpVersionRoutingHandler channelRead\nINFO: Detected non-HTTP/2 connection.\n"}}
[debug] [2025-07-23T03:11:28.105Z] Jul 23, 2025 11:11:28 AM io.gapi.emulators.netty.HttpVersionRoutingHandler channelRead
INFO: Detected non-HTTP/2 connection.
 {"metadata":{"emulator":{"name":"firestore"},"message":"Jul 23, 2025 11:11:28 AM io.gapi.emulators.netty.HttpVersionRoutingHandler channelRead\nINFO: Detected non-HTTP/2 connection.\n"}}
[debug] [2025-07-23T03:11:31.118Z] Jul 23, 2025 11:11:31 AM io.gapi.emulators.netty.HttpVersionRoutingHandler channelRead
INFO: Detected non-HTTP/2 connection.
Jul 23, 2025 11:11:31 AM io.gapi.emulators.netty.HttpVersionRoutingHandler channelRead
INFO: Detected non-HTTP/2 connection.
 {"metadata":{"emulator":{"name":"firestore"},"message":"Jul 23, 2025 11:11:31 AM io.gapi.emulators.netty.HttpVersionRoutingHandler channelRead\nINFO: Detected non-HTTP/2 connection.\nJul 23, 2025 11:11:31 AM io.gapi.emulators.netty.HttpVersionRoutingHandler channelRead\nINFO: Detected non-HTTP/2 connection.\n"}}
[debug] [2025-07-23T03:11:42.862Z] Jul 23, 2025 11:11:42 AM com.google.cloud.datastore.emulator.firestore.websocket.WebSocketChannelHandler channelClosed
INFO: Websocket client disconnected
 {"metadata":{"emulator":{"name":"firestore"},"message":"Jul 23, 2025 11:11:42 AM com.google.cloud.datastore.emulator.firestore.websocket.WebSocketChannelHandler channelClosed\nINFO: Websocket client disconnected\n"}}
